<?xml version="1.0" encoding="UTF-8"?>
<!-- Generated by org.testng.reporters.JUnitXMLReporter -->
<testsuite hostname="ELF-28-NAVEEN" ignored="0" name="Test" tests="3" failures="0" timestamp="2022-03-02T18:39:03 IST" time="79.203" errors="0">
  <testcase name="Taskmodule" time="10.704" classname="Tasks_ModulePage.TC_003Test"/>
  <testcase name="Thirdone" time="8.942" classname="Tasks_ModulePage.TC_002Test"/>
  <testcase name="ToAddnewtask" time="10.764" classname="Tasks_ModulePage.TC_001Test"/>
</testsuite> <!-- Test -->
